<?xml version="1.0" encoding="UTF-8"?>
<!-- Generated by org.testng.reporters.JUnitReportReporter -->
<testsuite skipped="0" hostname="Rohit-PC" name="com.w2a.testcases.LoginTest" tests="1" failures="0" timestamp="21 Jun 2020 09:02:01 GMT" time="3.199" errors="0">
  <testcase name="loginAsBankManager" time="3.199" classname="com.w2a.testcases.LoginTest"/>
</testsuite> <!-- com.w2a.testcases.LoginTest -->
