<?xml version="1.0" encoding="UTF-8"?>
<!-- Generated by org.testng.reporters.JUnitReportReporter -->
<testsuite skipped="0" hostname="Rohit-PC" name="com.w2a.testcases.AddCustomerTest" tests="1" failures="0" timestamp="22 Jun 2020 10:52:40 GMT" time="2.881" errors="0">
  <testcase name="addCustomer" time="2.881" classname="com.w2a.testcases.AddCustomerTest"/>
</testsuite> <!-- com.w2a.testcases.AddCustomerTest -->
