<?xml version="1.0" encoding="UTF-8"?>
<!-- Generated by org.testng.reporters.JUnitReportReporter -->
<testsuite skipped="0" hostname="Rohit-PC" name="com.w2a.testcases.BankManagerLoginTest" tests="1" failures="0" timestamp="23 Jun 2020 14:22:00 GMT" time="15.886" errors="0">
  <testcase name="bankManagerLoginTest" time="15.886" classname="com.w2a.testcases.BankManagerLoginTest"/>
</testsuite> <!-- com.w2a.testcases.BankManagerLoginTest -->
