<?xml version="1.0" encoding="UTF-8"?>
<!-- Generated by org.testng.reporters.JUnitReportReporter -->
<testsuite skipped="1" hostname="Rohit-PC" name="com.w2a.testcases.AddCustomerTest" tests="3" failures="0" timestamp="23 Jun 2020 14:22:00 GMT" time="12.180" errors="0">
  <testcase name="addCustomerTest" time="0.001" classname="com.w2a.testcases.AddCustomerTest">
    <skipped/>
  </testcase> <!-- addCustomerTest -->
  <testcase name="addCustomerTest" time="4.589" classname="com.w2a.testcases.AddCustomerTest"/>
  <testcase name="addCustomerTest" time="7.590" classname="com.w2a.testcases.AddCustomerTest"/>
</testsuite> <!-- com.w2a.testcases.AddCustomerTest -->
