<?xml version="1.0" encoding="UTF-8"?>
<!-- Generated by org.testng.reporters.JUnitReportReporter -->
<testsuite skipped="0" hostname="Rohit-PC" name="com.w2a.testcases.OpenAccountTest" tests="1" failures="0" timestamp="23 Jun 2020 14:22:00 GMT" time="3.930" errors="0">
  <testcase name="openAccountTest" time="3.930" classname="com.w2a.testcases.OpenAccountTest"/>
</testsuite> <!-- com.w2a.testcases.OpenAccountTest -->
